This is pdfTeX, Version 3.141592653-2.6-1.40.27 (TeX Live 2025) (preloaded format=pdflatex)
 restricted \write18 enabled.
entering extended mode
(./samplepaper-agfc.tex
LaTeX2e <2024-11-01> patch level 2
L3 programming layer <2025-01-18>
(./llncs.cls
Document Class: llncs 2024/01/29 v2.24 
 LaTeX document class for Lecture Notes in Computer Science
(/usr/local/texlive/2025/texmf-dist/tex/latex/base/article.cls
Document Class: article 2024/06/29 v1.4n Standard LaTeX document class
(/usr/local/texlive/2025/texmf-dist/tex/latex/base/size10.clo))
(/usr/local/texlive/2025/texmf-dist/tex/latex/tools/multicol.sty)
(/usr/local/texlive/2025/texmf-dist/tex/latex/oberdiek/aliascnt.sty))
(/usr/local/texlive/2025/texmf-dist/tex/latex/base/fontenc.sty)
(/usr/local/texlive/2025/texmf-dist/tex/latex/graphics/graphicx.sty
(/usr/local/texlive/2025/texmf-dist/tex/latex/graphics/keyval.sty)
(/usr/local/texlive/2025/texmf-dist/tex/latex/graphics/graphics.sty
(/usr/local/texlive/2025/texmf-dist/tex/latex/graphics/trig.sty)
(/usr/local/texlive/2025/texmf-dist/tex/latex/graphics-cfg/graphics.cfg)
(/usr/local/texlive/2025/texmf-dist/tex/latex/graphics-def/pdftex.def)))
(/usr/local/texlive/2025/texmf-dist/tex/latex/amsmath/amsmath.sty
For additional information on amsmath, use the `?' option.
(/usr/local/texlive/2025/texmf-dist/tex/latex/amsmath/amstext.sty
(/usr/local/texlive/2025/texmf-dist/tex/latex/amsmath/amsgen.sty))
(/usr/local/texlive/2025/texmf-dist/tex/latex/amsmath/amsbsy.sty)
(/usr/local/texlive/2025/texmf-dist/tex/latex/amsmath/amsopn.sty)

Package amsmath Warning: Unable to redefine math accent \vec.

) (/usr/local/texlive/2025/texmf-dist/tex/latex/amsfonts/amssymb.sty
(/usr/local/texlive/2025/texmf-dist/tex/latex/amsfonts/amsfonts.sty))
(/usr/local/texlive/2025/texmf-dist/tex/latex/booktabs/booktabs.sty)
(/usr/local/texlive/2025/texmf-dist/tex/latex/xcolor/xcolor.sty
(/usr/local/texlive/2025/texmf-dist/tex/latex/graphics-cfg/color.cfg)
(/usr/local/texlive/2025/texmf-dist/tex/latex/graphics/mathcolor.ltx))
(/usr/local/texlive/2025/texmf-dist/tex/latex/colortbl/colortbl.sty
(/usr/local/texlive/2025/texmf-dist/tex/latex/tools/array.sty))
(/usr/local/texlive/2025/texmf-dist/tex/latex/multirow/multirow.sty)
(/usr/local/texlive/2025/texmf-dist/tex/latex/float/float.sty)
(/usr/local/texlive/2025/texmf-dist/tex/latex/placeins/placeins.sty)
(/usr/local/texlive/2025/texmf-dist/tex/latex/l3backend/l3backend-pdftex.def)
(./samplepaper-agfc.aux)
(/usr/local/texlive/2025/texmf-dist/tex/context/base/mkii/supp-pdf.mkii
[Loading MPS to PDF converter (version 2006.09.02).]
) (/usr/local/texlive/2025/texmf-dist/tex/latex/epstopdf-pkg/epstopdf-base.sty
(/usr/local/texlive/2025/texmf-dist/tex/latex/latexconfig/epstopdf-sys.cfg))
(/usr/local/texlive/2025/texmf-dist/tex/latex/amsfonts/umsa.fd)
(/usr/local/texlive/2025/texmf-dist/tex/latex/amsfonts/umsb.fd)
Overfull \hbox (1.44592pt too wide) in paragraph at lines 35--36
\T1/cmr/m/n/9 series fore-cast-ing \TS1/cmr/m/n/9 · \T1/cmr/m/n/9 adap-tive gra
ph learn-ing \TS1/cmr/m/n/9 · \T1/cmr/m/n/9 re-la-tion dis-cov-ery \TS1/cmr/m/n
/9 · [] 

Overfull \hbox (1.70795pt too wide) in paragraph at lines 39--40
\T1/cmr/m/n/10 Forecasting sci-en-tific topic pop-u-lar-ity is im-por-tant for 
hotspot mon-i-tor-ing, strate-

[1{/usr/local/texlive/2025/texmf-var/fonts/map/pdftex/updmap/pdftex.map}{/usr/l
ocal/texlive/2025/texmf-dist/fonts/enc/dvips/cm-super/cm-super-t1.enc}{/usr/loc
al/texlive/2025/texmf-dist/fonts/enc/dvips/cm-super/cm-super-ts1.enc}]
Overfull \hbox (67.30339pt too wide) in paragraph at lines 63--64
\T1/cmr/m/n/10 smooth and sam-ple sizes are lim-ited [32,1]. Deep se-quence bac
k-bones (RNN/LSTM/Transformer

[2]
[3]
Overfull \hbox (9.73376pt too wide) in paragraph at lines 87--88
\T1/cmr/m/n/10 Mean Ab-so-lute Per-cent-age Er-ror (MAPE), and Root Mean Square
d Er-ror (RMSE): 

Overfull \hbox (7.76202pt too wide) in paragraph at lines 106--108
\T1/cmr/m/n/10 mod-el-ing are op-ti-mized jointly. The ex-e-cu-tion or-der in e
ach stack is: (i) build/select

[4]
Overfull \hbox (2.6719pt too wide) in paragraph at lines 130--131
[]\T1/cmr/m/n/10 In the adaptive-only mode, graph prop-a-ga-tion is per-formed 
di-rectly on $\OT1/cmr/bx/n/10 A[]$\T1/cmr/m/n/10 : 

[5 <./figs/model5.png>]
[6]
[7]
Overfull \vbox (0.53761pt too high) detected at line 280

Overfull \hbox (3.23535pt too wide) in paragraph at lines 288--289
\T1/cmr/m/n/10 changes or tech-ni-cal break-throughs. Un-der short, low-frequen
cy, weak-seasonality,

[8]
Overfull \vbox (0.53761pt too high) detected at line 326

Overfull \vbox (0.53761pt too high) detected at line 326

Overfull \vbox (0.53761pt too high) detected at line 326

Overfull \vbox (0.53761pt too high) detected at line 326

[9]
Overfull \hbox (10.15033pt too wide) in paragraph at lines 338--339
\T1/cmr/m/n/10 ter-pretabil-ity but may also con-strain rep-re-sen-ta-tion flex
-i-bil-ity. There-fore, \T1/cmtt/m/n/10 adaptive

[10]
[11]
[12]
[13 <./figs/graph_analysis_oa1/hybrid/three_graph_heatmaps.png> <./figs/graph_a
nalysis_oa1702/hybrid/three_graph_heatmaps.png> <./figs/graph_analysis_oa1/adap
tive_only/adaptiveonly_adaptivegraph_heatmap.png> <./figs/graph_analysis_oa1702
/adaptive_only/adaptiveonly_adaptivegraph__heatmap.png> <./figs/Forecast trend 
visualization for oa1.png> <./figs/Forecast trend visualization for oa1702.png>
]
Underfull \vbox (badness 5924) has occurred while \output is active
[14] (./samplepaper-agfc.bbl
[15]
[16])
Overfull \hbox (4.49226pt too wide) in paragraph at lines 528--529
 [][] 

Overfull \hbox (4.49226pt too wide) in paragraph at lines 530--531
 [][] 

Overfull \hbox (4.49226pt too wide) in paragraph at lines 532--533
 [][] 

Overfull \hbox (18.55478pt too wide) in paragraph at lines 537--538
 [][] 

Overfull \hbox (4.49226pt too wide) in paragraph at lines 547--548
 [][] 

Overfull \hbox (4.49226pt too wide) in paragraph at lines 549--550
 [][] 

Overfull \hbox (4.49226pt too wide) in paragraph at lines 551--552
 [][] 

Overfull \hbox (18.55478pt too wide) in paragraph at lines 556--557
 [][] 

[17]
[18 <./figs/data_analysis/oa_1_heatmap_all.png> <./figs/data_analysis/oa_1_heat
map_year_minmax.png> <./figs/data_analysis/oa_1_top_topics.png> <./figs/data_an
alysis/DTW_oa1.png> <./figs/data_analysis/oa_1702_heatmap_all.png> <./figs/data
_analysis/oa_1702_heatmap_year_minmax.png> <./figs/data_analysis/oa_1702_top_to
pics.png> <./figs/data_analysis/DTW_oa1702.png>]
[19] (./samplepaper-agfc.aux)
Runaway argument?
{\contentsline {subse 
./samplepaper-agfc.tex:575: File ended while scanning use of \@writefile.
<inserted text> 
                \par 
l.575 \end{document}
                    
 )
(see the transcript file for additional information)</usr/local/texlive/2025/te
xmf-dist/fonts/type1/public/amsfonts/cm/cmbx10.pfb></usr/local/texlive/2025/tex
mf-dist/fonts/type1/public/amsfonts/cm/cmex10.pfb></usr/local/texlive/2025/texm
f-dist/fonts/type1/public/amsfonts/cm/cmmi10.pfb></usr/local/texlive/2025/texmf
-dist/fonts/type1/public/amsfonts/cm/cmmi5.pfb></usr/local/texlive/2025/texmf-d
ist/fonts/type1/public/amsfonts/cm/cmmi7.pfb></usr/local/texlive/2025/texmf-dis
t/fonts/type1/public/amsfonts/cm/cmr10.pfb></usr/local/texlive/2025/texmf-dist/
fonts/type1/public/amsfonts/cm/cmr7.pfb></usr/local/texlive/2025/texmf-dist/fon
ts/type1/public/amsfonts/cm/cmsy10.pfb></usr/local/texlive/2025/texmf-dist/font
s/type1/public/amsfonts/cm/cmsy7.pfb></usr/local/texlive/2025/texmf-dist/fonts/
type1/public/amsfonts/cm/cmsy9.pfb></usr/local/texlive/2025/texmf-dist/fonts/ty
pe1/public/amsfonts/symbols/msbm10.pfb></usr/local/texlive/2025/texmf-dist/font
s/type1/public/cm-super/sfbx0500.pfb></usr/local/texlive/2025/texmf-dist/fonts/
type1/public/cm-super/sfbx0900.pfb></usr/local/texlive/2025/texmf-dist/fonts/ty
pe1/public/cm-super/sfbx1000.pfb></usr/local/texlive/2025/texmf-dist/fonts/type
1/public/cm-super/sfbx1200.pfb></usr/local/texlive/2025/texmf-dist/fonts/type1/
public/cm-super/sfbx1440.pfb></usr/local/texlive/2025/texmf-dist/fonts/type1/pu
blic/cm-super/sfrm0500.pfb></usr/local/texlive/2025/texmf-dist/fonts/type1/publ
ic/cm-super/sfrm0700.pfb></usr/local/texlive/2025/texmf-dist/fonts/type1/public
/cm-super/sfrm0900.pfb></usr/local/texlive/2025/texmf-dist/fonts/type1/public/c
m-super/sfrm1000.pfb></usr/local/texlive/2025/texmf-dist/fonts/type1/public/cm-
super/sfti0700.pfb></usr/local/texlive/2025/texmf-dist/fonts/type1/public/cm-su
per/sfti0900.pfb></usr/local/texlive/2025/texmf-dist/fonts/type1/public/cm-supe
r/sfti1000.pfb></usr/local/texlive/2025/texmf-dist/fonts/type1/public/cm-super/
sftt0900.pfb></usr/local/texlive/2025/texmf-dist/fonts/type1/public/cm-super/sf
tt1000.pfb>
Output written on samplepaper-agfc.pdf (19 pages, 4303996 bytes).
Transcript written on samplepaper-agfc.log.
