This is pdfTeX, Version 3.141592653-2.6-1.40.27 (TeX Live 2025) (preloaded format=pdflatex 2026.2.27)  30 MAR 2026 18:17
entering extended mode
 restricted \write18 enabled.
 file:line:error style messages enabled.
 %&-line parsing enabled.
**/Users/lixiansheng/Documents/学校文件/博二下/主线任务/IPM投稿_adaptivegraph/els-cas-templates/newlatex/samplepaper-agfc.tex
(/Users/lixiansheng/Documents/学校文件/博二下/主线任务/IPM投稿_adaptivegraph/els-cas-templates/newlatex/samplepaper-agfc.tex
LaTeX2e <2024-11-01> patch level 2
L3 programming layer <2025-01-18>
(./llncs.cls
Document Class: llncs 2024/01/29 v2.24 
 LaTeX document class for Lecture Notes in Computer Science
(/usr/local/texlive/2025/texmf-dist/tex/latex/base/article.cls
Document Class: article 2024/06/29 v1.4n Standard LaTeX document class
(/usr/local/texlive/2025/texmf-dist/tex/latex/base/size10.clo
File: size10.clo 2024/06/29 v1.4n Standard LaTeX file (size option)
)
\c@part=\count196
\c@section=\count197
\c@subsection=\count198
\c@subsubsection=\count199
\c@paragraph=\count266
\c@subparagraph=\count267
\c@figure=\count268
\c@table=\count269
\abovecaptionskip=\skip49
\belowcaptionskip=\skip50
\bibindent=\dimen141
) (/usr/local/texlive/2025/texmf-dist/tex/latex/tools/multicol.sty
Package: multicol 2024/09/14 v1.9i multicolumn formatting (FMi)
\c@tracingmulticols=\count270
\mult@box=\box52
\multicol@leftmargin=\dimen142
\c@unbalance=\count271
\c@collectmore=\count272
\doublecol@number=\count273
\multicoltolerance=\count274
\multicolpretolerance=\count275
\full@width=\dimen143
\page@free=\dimen144
\premulticols=\dimen145
\postmulticols=\dimen146
\multicolsep=\skip51
\multicolbaselineskip=\skip52
\partial@page=\box53
\last@line=\box54
\mc@boxedresult=\box55
\maxbalancingoverflow=\dimen147
\mult@rightbox=\box56
\mult@grightbox=\box57
\mult@firstbox=\box58
\mult@gfirstbox=\box59
\@tempa=\box60
\@tempa=\box61
\@tempa=\box62
\@tempa=\box63
\@tempa=\box64
\@tempa=\box65
\@tempa=\box66
\@tempa=\box67
\@tempa=\box68
\@tempa=\box69
\@tempa=\box70
\@tempa=\box71
\@tempa=\box72
\@tempa=\box73
\@tempa=\box74
\@tempa=\box75
\@tempa=\box76
\@tempa=\box77
\@tempa=\box78
\@tempa=\box79
\@tempa=\box80
\@tempa=\box81
\@tempa=\box82
\@tempa=\box83
\@tempa=\box84
\@tempa=\box85
\@tempa=\box86
\@tempa=\box87
\@tempa=\box88
\@tempa=\box89
\@tempa=\box90
\@tempa=\box91
\@tempa=\box92
\@tempa=\box93
\@tempa=\box94
\@tempa=\box95
\c@minrows=\count276
\c@columnbadness=\count277
\c@finalcolumnbadness=\count278
\last@try=\dimen148
\multicolovershoot=\dimen149
\multicolundershoot=\dimen150
\mult@nat@firstbox=\box96
\colbreak@box=\box97
\mc@col@check@num=\count279
) (/usr/local/texlive/2025/texmf-dist/tex/latex/oberdiek/aliascnt.sty
Package: aliascnt 2018/09/07 v1.5 Alias counters (HO)
)
\c@chapter=\count280
LaTeX Font Info:    Redeclaring math symbol \Gamma on input line 379.
LaTeX Font Info:    Redeclaring math symbol \Delta on input line 380.
LaTeX Font Info:    Redeclaring math symbol \Theta on input line 381.
LaTeX Font Info:    Redeclaring math symbol \Lambda on input line 382.
LaTeX Font Info:    Redeclaring math symbol \Xi on input line 383.
LaTeX Font Info:    Redeclaring math symbol \Pi on input line 384.
LaTeX Font Info:    Redeclaring math symbol \Sigma on input line 385.
LaTeX Font Info:    Redeclaring math symbol \Upsilon on input line 386.
LaTeX Font Info:    Redeclaring math symbol \Phi on input line 387.
LaTeX Font Info:    Redeclaring math symbol \Psi on input line 388.
LaTeX Font Info:    Redeclaring math symbol \Omega on input line 389.
LaTeX Info: Redefining \vec on input line 394.
\tocchpnum=\dimen151
\tocsecnum=\dimen152
\tocsectotal=\dimen153
\tocsubsecnum=\dimen154
\tocsubsectotal=\dimen155
\tocsubsubsecnum=\dimen156
\tocsubsubsectotal=\dimen157
\tocparanum=\dimen158
\tocparatotal=\dimen159
\tocsubparanum=\dimen160
\@tempcntc=\count281
\fnindent=\dimen161
\c@@inst=\count282
\c@@auth=\count283
\c@auco=\count284
\instindent=\dimen162
\authrun=\box98
\authorrunning=\toks17
\tocauthor=\toks18
\titrun=\box99
\titlerunning=\toks19
\toctitle=\toks20
\c@theorem=\count285
\c@case=\count286
\c@conjecture=\count287
\c@corollary=\count288
\c@definition=\count289
\c@example=\count290
\c@exercise=\count291
\c@lemma=\count292
\c@note=\count293
\c@problem=\count294
\c@property=\count295
\c@proposition=\count296
\c@question=\count297
\c@solution=\count298
\c@remark=\count299
\headlineindent=\dimen163
) (/usr/local/texlive/2025/texmf-dist/tex/latex/base/fontenc.sty
Package: fontenc 2021/04/29 v2.0v Standard LaTeX package
) (/usr/local/texlive/2025/texmf-dist/tex/latex/graphics/graphicx.sty
Package: graphicx 2021/09/16 v1.2d Enhanced LaTeX Graphics (DPC,SPQR)
 (/usr/local/texlive/2025/texmf-dist/tex/latex/graphics/keyval.sty
Package: keyval 2022/05/29 v1.15 key=value parser (DPC)
\KV@toks@=\toks21
) (/usr/local/texlive/2025/texmf-dist/tex/latex/graphics/graphics.sty
Package: graphics 2024/08/06 v1.4g Standard LaTeX Graphics (DPC,SPQR)
 (/usr/local/texlive/2025/texmf-dist/tex/latex/graphics/trig.sty
Package: trig 2023/12/02 v1.11 sin cos tan (DPC)
) (/usr/local/texlive/2025/texmf-dist/tex/latex/graphics-cfg/graphics.cfg
File: graphics.cfg 2016/06/04 v1.11 sample graphics configuration
)
Package graphics Info: Driver file: pdftex.def on input line 106.
 (/usr/local/texlive/2025/texmf-dist/tex/latex/graphics-def/pdftex.def
File: pdftex.def 2024/04/13 v1.2c Graphics/color driver for pdftex
))
\Gin@req@height=\dimen164
\Gin@req@width=\dimen165
) (/usr/local/texlive/2025/texmf-dist/tex/latex/amsmath/amsmath.sty
Package: amsmath 2024/11/05 v2.17t AMS math features
\@mathmargin=\skip53

For additional information on amsmath, use the `?' option.
(/usr/local/texlive/2025/texmf-dist/tex/latex/amsmath/amstext.sty
Package: amstext 2021/08/26 v2.01 AMS text
 (/usr/local/texlive/2025/texmf-dist/tex/latex/amsmath/amsgen.sty
File: amsgen.sty 1999/11/30 v2.0 generic functions
\@emptytoks=\toks22
\ex@=\dimen166
)) (/usr/local/texlive/2025/texmf-dist/tex/latex/amsmath/amsbsy.sty
Package: amsbsy 1999/11/29 v1.2d Bold Symbols
\pmbraise@=\dimen167
) (/usr/local/texlive/2025/texmf-dist/tex/latex/amsmath/amsopn.sty
Package: amsopn 2022/04/08 v2.04 operator names
)
\inf@bad=\count300
LaTeX Info: Redefining \frac on input line 233.
\uproot@=\count301
\leftroot@=\count302
LaTeX Info: Redefining \overline on input line 398.
LaTeX Info: Redefining \colon on input line 409.
\classnum@=\count303
\DOTSCASE@=\count304
LaTeX Info: Redefining \ldots on input line 495.
LaTeX Info: Redefining \dots on input line 498.
LaTeX Info: Redefining \cdots on input line 619.
\Mathstrutbox@=\box100
\strutbox@=\box101
LaTeX Info: Redefining \big on input line 721.
LaTeX Info: Redefining \Big on input line 722.
LaTeX Info: Redefining \bigg on input line 723.
LaTeX Info: Redefining \Bigg on input line 724.
\big@size=\dimen168
LaTeX Font Info:    Redeclaring font encoding OML on input line 742.
LaTeX Font Info:    Redeclaring font encoding OMS on input line 743.


Package amsmath Warning: Unable to redefine math accent \vec.

\macc@depth=\count305
LaTeX Info: Redefining \bmod on input line 904.
LaTeX Info: Redefining \pmod on input line 909.
LaTeX Info: Redefining \smash on input line 939.
LaTeX Info: Redefining \relbar on input line 969.
LaTeX Info: Redefining \Relbar on input line 970.
\c@MaxMatrixCols=\count306
\dotsspace@=\muskip17
\c@parentequation=\count307
\dspbrk@lvl=\count308
\tag@help=\toks23
\row@=\count309
\column@=\count310
\maxfields@=\count311
\andhelp@=\toks24
\eqnshift@=\dimen169
\alignsep@=\dimen170
\tagshift@=\dimen171
\tagwidth@=\dimen172
\totwidth@=\dimen173
\lineht@=\dimen174
\@envbody=\toks25
\multlinegap=\skip54
\multlinetaggap=\skip55
\mathdisplay@stack=\toks26
LaTeX Info: Redefining \[ on input line 2953.
LaTeX Info: Redefining \] on input line 2954.
) (/usr/local/texlive/2025/texmf-dist/tex/latex/amsfonts/amssymb.sty
Package: amssymb 2013/01/14 v3.01 AMS font symbols
 (/usr/local/texlive/2025/texmf-dist/tex/latex/amsfonts/amsfonts.sty
Package: amsfonts 2013/01/14 v3.01 Basic AMSFonts support
\symAMSa=\mathgroup4
\symAMSb=\mathgroup5
LaTeX Font Info:    Redeclaring math symbol \hbar on input line 98.
LaTeX Font Info:    Overwriting math alphabet `\mathfrak' in version `bold'
(Font)                  U/euf/m/n --> U/euf/b/n on input line 106.
)) (/usr/local/texlive/2025/texmf-dist/tex/latex/booktabs/booktabs.sty
Package: booktabs 2020/01/12 v1.61803398 Publication quality tables
\heavyrulewidth=\dimen175
\lightrulewidth=\dimen176
\cmidrulewidth=\dimen177
\belowrulesep=\dimen178
\belowbottomsep=\dimen179
\aboverulesep=\dimen180
\abovetopsep=\dimen181
\cmidrulesep=\dimen182
\cmidrulekern=\dimen183
\defaultaddspace=\dimen184
\@cmidla=\count312
\@cmidlb=\count313
\@aboverulesep=\dimen185
\@belowrulesep=\dimen186
\@thisruleclass=\count314
\@lastruleclass=\count315
\@thisrulewidth=\dimen187
) (/usr/local/texlive/2025/texmf-dist/tex/latex/xcolor/xcolor.sty
Package: xcolor 2024/09/29 v3.02 LaTeX color extensions (UK)
 (/usr/local/texlive/2025/texmf-dist/tex/latex/graphics-cfg/color.cfg
File: color.cfg 2016/01/02 v1.6 sample color configuration
)
Package xcolor Info: Driver file: pdftex.def on input line 274.
 (/usr/local/texlive/2025/texmf-dist/tex/latex/graphics/mathcolor.ltx)
Package xcolor Info: Model `cmy' substituted by `cmy0' on input line 1349.
Package xcolor Info: Model `hsb' substituted by `rgb' on input line 1353.
Package xcolor Info: Model `RGB' extended on input line 1365.
Package xcolor Info: Model `HTML' substituted by `rgb' on input line 1367.
Package xcolor Info: Model `Hsb' substituted by `hsb' on input line 1368.
Package xcolor Info: Model `tHsb' substituted by `hsb' on input line 1369.
Package xcolor Info: Model `HSB' substituted by `hsb' on input line 1370.
Package xcolor Info: Model `Gray' substituted by `gray' on input line 1371.
Package xcolor Info: Model `wave' substituted by `hsb' on input line 1372.
) (/usr/local/texlive/2025/texmf-dist/tex/latex/colortbl/colortbl.sty
Package: colortbl 2024/07/06 v1.0i Color table columns (DPC)
 (/usr/local/texlive/2025/texmf-dist/tex/latex/tools/array.sty
Package: array 2024/10/17 v2.6g Tabular extension package (FMi)
\col@sep=\dimen188
\ar@mcellbox=\box102
\extrarowheight=\dimen189
\NC@list=\toks27
\extratabsurround=\skip56
\backup@length=\skip57
\ar@cellbox=\box103
)
\everycr=\toks28
\minrowclearance=\skip58
\rownum=\count316
) (/usr/local/texlive/2025/texmf-dist/tex/latex/multirow/multirow.sty
Package: multirow 2024/11/12 v2.9 Span multiple rows of a table
\multirow@colwidth=\skip59
\multirow@cntb=\count317
\multirow@dima=\skip60
\bigstrutjot=\dimen190
) (/usr/local/texlive/2025/texmf-dist/tex/latex/float/float.sty
Package: float 2001/11/08 v1.3d Float enhancements (AL)
\c@float@type=\count318
\float@exts=\toks29
\float@box=\box104
\@float@everytoks=\toks30
\@floatcapt=\box105
) (/usr/local/texlive/2025/texmf-dist/tex/latex/placeins/placeins.sty
Package: placeins 2005/04/18  v 2.2
) (/usr/local/texlive/2025/texmf-dist/tex/latex/l3backend/l3backend-pdftex.def
File: l3backend-pdftex.def 2024-05-08 L3 backend support: PDF output (pdfTeX)
\l__color_backend_stack_int=\count319
\l__pdf_internal_box=\box106
) (./samplepaper-agfc.aux)
\openout1 = `samplepaper-agfc.aux'.

LaTeX Font Info:    Checking defaults for OML/cmm/m/it on input line 23.
LaTeX Font Info:    ... okay on input line 23.
LaTeX Font Info:    Checking defaults for OMS/cmsy/m/n on input line 23.
LaTeX Font Info:    ... okay on input line 23.
LaTeX Font Info:    Checking defaults for OT1/cmr/m/n on input line 23.
LaTeX Font Info:    ... okay on input line 23.
LaTeX Font Info:    Checking defaults for T1/cmr/m/n on input line 23.
LaTeX Font Info:    ... okay on input line 23.
LaTeX Font Info:    Checking defaults for TS1/cmr/m/n on input line 23.
LaTeX Font Info:    ... okay on input line 23.
LaTeX Font Info:    Checking defaults for OMX/cmex/m/n on input line 23.
LaTeX Font Info:    ... okay on input line 23.
LaTeX Font Info:    Checking defaults for U/cmr/m/n on input line 23.
LaTeX Font Info:    ... okay on input line 23.
 (/usr/local/texlive/2025/texmf-dist/tex/context/base/mkii/supp-pdf.mkii
[Loading MPS to PDF converter (version 2006.09.02).]
\scratchcounter=\count320
\scratchdimen=\dimen191
\scratchbox=\box107
\nofMPsegments=\count321
\nofMParguments=\count322
\everyMPshowfont=\toks31
\MPscratchCnt=\count323
\MPscratchDim=\dimen192
\MPnumerator=\count324
\makeMPintoPDFobject=\count325
\everyMPtoPDFconversion=\toks32
) (/usr/local/texlive/2025/texmf-dist/tex/latex/epstopdf-pkg/epstopdf-base.sty
Package: epstopdf-base 2020-01-24 v2.11 Base part for package epstopdf
Package epstopdf-base Info: Redefining graphics rule for `.eps' on input line 485.
 (/usr/local/texlive/2025/texmf-dist/tex/latex/latexconfig/epstopdf-sys.cfg
File: epstopdf-sys.cfg 2010/07/13 v1.3 Configuration of (r)epstopdf for TeX Live
))
LaTeX Font Info:    Trying to load font information for U+msa on input line 34.
 (/usr/local/texlive/2025/texmf-dist/tex/latex/amsfonts/umsa.fd
File: umsa.fd 2013/01/14 v3.01 AMS symbols A
)
LaTeX Font Info:    Trying to load font information for U+msb on input line 34.
 (/usr/local/texlive/2025/texmf-dist/tex/latex/amsfonts/umsb.fd
File: umsb.fd 2013/01/14 v3.01 AMS symbols B
)
Overfull \hbox (1.70795pt too wide) in paragraph at lines 43--44
\T1/cmr/m/n/10 Forecasting sci-en-tific topic pop-u-lar-ity is im-por-tant for hotspot mon-i-tor-ing, strate-
 []



[1

{/usr/local/texlive/2025/texmf-var/fonts/map/pdftex/updmap/pdftex.map}{/usr/local/texlive/2025/texmf-dist/fonts/enc/dvips/cm-super/cm-super-t1.enc}{/usr/local/texlive/2025/texmf-dist/fonts/enc/dvips/cm-super/cm-super-ts1.enc}]

[2]

[3]

[4]
Overfull \hbox (9.73376pt too wide) in paragraph at lines 95--96
\T1/cmr/m/n/10 Mean Ab-so-lute Per-cent-age Er-ror (MAPE), and Root Mean Squared Er-ror (RMSE): 
 []



[5]
<figs/model5.png, id=41, 3946.9056pt x 1607.5257pt>
File: figs/model5.png Graphic file (type png)
<use figs/model5.png>
Package pdftex.def Info: figs/model5.png  used on input line 121.
(pdftex.def)             Requested size: 347.12354pt x 141.35968pt.


[6 <./figs/model5.png>]
Overfull \hbox (2.6719pt too wide) in paragraph at lines 138--139
[]\T1/cmr/m/n/10 In the adaptive-only mode, graph prop-a-ga-tion is per-formed di-rectly on $\OT1/cmr/bx/n/10 A[]$\T1/cmr/m/n/10 : 
 []



[7]

[8]
Overfull \hbox (7.42877pt too wide) in paragraph at lines 209--210
\T1/cmr/m/n/10 cast-ing), \T1/cmr/bx/n/10 Neu-ral-Prophet \T1/cmr/m/n/10 (mod-ern neu-ral trend-seasonality mod-el-ing), \T1/cmr/bx/n/10 In-former
 []



[9]
Overfull \vbox (0.53761pt too high) detected at line 308
 []


Overfull \vbox (0.53761pt too high) detected at line 308
 []


Overfull \vbox (0.53761pt too high) detected at line 308
 []


Overfull \vbox (0.53761pt too high) detected at line 308
 []



[10]

[11] (./samplepaper-agfc.bbl

[12]

[13])
<figs/graph_analysis_oa1/hybrid/three_graph_heatmaps.png, id=73, 1011.78pt x 289.08pt>
File: figs/graph_analysis_oa1/hybrid/three_graph_heatmaps.png Graphic file (type png)
<use figs/graph_analysis_oa1/hybrid/three_graph_heatmaps.png>
Package pdftex.def Info: figs/graph_analysis_oa1/hybrid/three_graph_heatmaps.png  used on input line 406.
(pdftex.def)             Requested size: 182.59113pt x 52.1688pt.
<figs/graph_analysis_oa1702/hybrid/three_graph_heatmaps.png, id=74, 1011.78pt x 289.08pt>
File: figs/graph_analysis_oa1702/hybrid/three_graph_heatmaps.png Graphic file (type png)
<use figs/graph_analysis_oa1702/hybrid/three_graph_heatmaps.png>
Package pdftex.def Info: figs/graph_analysis_oa1702/hybrid/three_graph_heatmaps.png  used on input line 411.
(pdftex.def)             Requested size: 182.59113pt x 52.1688pt.
<figs/graph_analysis_oa1/adaptive_only/adaptiveonly_adaptivegraph_heatmap.png, id=75, 433.62pt x 361.35pt>
File: figs/graph_analysis_oa1/adaptive_only/adaptiveonly_adaptivegraph_heatmap.png Graphic file (type png)
<use figs/graph_analysis_oa1/adaptive_only/adaptiveonly_adaptivegraph_heatmap.png>
Package pdftex.def Info: figs/graph_analysis_oa1/adaptive_only/adaptiveonly_adaptivegraph_heatmap.png  used on input line 417.
(pdftex.def)             Requested size: 62.5987pt x 52.1688pt.
<figs/graph_analysis_oa1702/adaptive_only/adaptiveonly_adaptivegraph__heatmap.png, id=76, 433.62pt x 361.35pt>
File: figs/graph_analysis_oa1702/adaptive_only/adaptiveonly_adaptivegraph__heatmap.png Graphic file (type png)
<use figs/graph_analysis_oa1702/adaptive_only/adaptiveonly_adaptivegraph__heatmap.png>
Package pdftex.def Info: figs/graph_analysis_oa1702/adaptive_only/adaptiveonly_adaptivegraph__heatmap.png  used on input line 422.
(pdftex.def)             Requested size: 62.5987pt x 52.1688pt.

Overfull \hbox (4.6239pt too wide) in paragraph at lines 430--431
\T1/cmr/m/n/10 per-forms di-rec-tional reweight-ing over ex-ist-ing sup-port. For \T1/cmtt/m/n/10 subfield 1702\T1/cmr/m/n/10 , where
 []



[14]

[15 <./figs/graph_analysis_oa1/hybrid/three_graph_heatmaps.png> <./figs/graph_analysis_oa1702/hybrid/three_graph_heatmaps.png> <./figs/graph_analysis_oa1/adaptive_only/adaptiveonly_adaptivegraph_heatmap.png> <./figs/graph_analysis_oa1702/adaptive_only/adaptiveonly_adaptivegraph__heatmap.png>]
<figs/Forecast trend visualization for oa1.png, id=88, 963.6pt x 542.025pt>
File: figs/Forecast trend visualization for oa1.png Graphic file (type png)
<use figs/Forecast trend visualization for oa1.png>
Package pdftex.def Info: figs/Forecast trend visualization for oa1.png  used on input line 478.
(pdftex.def)             Requested size: 166.61781pt x 87.93533pt.
<figs/Forecast trend visualization for oa1702.png, id=90, 963.6pt x 542.025pt>
File: figs/Forecast trend visualization for oa1702.png Graphic file (type png)
<use figs/Forecast trend visualization for oa1702.png>
Package pdftex.def Info: figs/Forecast trend visualization for oa1702.png  used on input line 484.
(pdftex.def)             Requested size: 166.61781pt x 87.93533pt.


[16]
<figs/data_analysis/oa_1_heatmap_all.png, id=95, 867.24pt x 433.62pt>
File: figs/data_analysis/oa_1_heatmap_all.png Graphic file (type png)
<use figs/data_analysis/oa_1_heatmap_all.png>
Package pdftex.def Info: figs/data_analysis/oa_1_heatmap_all.png  used on input line 537.
(pdftex.def)             Requested size: 76.88373pt x 38.4437pt.

Overfull \hbox (4.49226pt too wide) in paragraph at lines 537--538
 [][] 
 []

<figs/data_analysis/oa_1_heatmap_year_minmax.png, id=96, 867.24pt x 433.62pt>
File: figs/data_analysis/oa_1_heatmap_year_minmax.png Graphic file (type png)
<use figs/data_analysis/oa_1_heatmap_year_minmax.png>
Package pdftex.def Info: figs/data_analysis/oa_1_heatmap_year_minmax.png  used on input line 539.
(pdftex.def)             Requested size: 76.88373pt x 38.4437pt.

Overfull \hbox (4.49226pt too wide) in paragraph at lines 539--540
 [][] 
 []

<figs/data_analysis/oa_1_top_topics.png, id=97, 722.7pt x 361.35pt>
File: figs/data_analysis/oa_1_top_topics.png Graphic file (type png)
<use figs/data_analysis/oa_1_top_topics.png>
Package pdftex.def Info: figs/data_analysis/oa_1_top_topics.png  used on input line 541.
(pdftex.def)             Requested size: 76.88373pt x 38.4437pt.

Overfull \hbox (4.49226pt too wide) in paragraph at lines 541--542
 [][] 
 []

<figs/data_analysis/DTW_oa1.png, id=98, 481.8pt x 540.0175pt>
File: figs/data_analysis/DTW_oa1.png Graphic file (type png)
<use figs/data_analysis/DTW_oa1.png>
Package pdftex.def Info: figs/data_analysis/DTW_oa1.png  used on input line 546.
(pdftex.def)             Requested size: 107.78278pt x 120.81108pt.

Overfull \hbox (18.55478pt too wide) in paragraph at lines 546--547
 [][] 
 []

LaTeX Font Info:    Font shape `T1/cmtt/bx/n' in size <9> not available
(Font)              Font shape `T1/cmtt/m/n' tried instead on input line 549.
<figs/data_analysis/oa_1702_heatmap_all.png, id=99, 867.24pt x 433.62pt>
File: figs/data_analysis/oa_1702_heatmap_all.png Graphic file (type png)
<use figs/data_analysis/oa_1702_heatmap_all.png>
Package pdftex.def Info: figs/data_analysis/oa_1702_heatmap_all.png  used on input line 556.
(pdftex.def)             Requested size: 76.88373pt x 38.4437pt.

Overfull \hbox (4.49226pt too wide) in paragraph at lines 556--557
 [][] 
 []

<figs/data_analysis/oa_1702_heatmap_year_minmax.png, id=100, 867.24pt x 433.62pt>
File: figs/data_analysis/oa_1702_heatmap_year_minmax.png Graphic file (type png)
<use figs/data_analysis/oa_1702_heatmap_year_minmax.png>
Package pdftex.def Info: figs/data_analysis/oa_1702_heatmap_year_minmax.png  used on input line 558.
(pdftex.def)             Requested size: 76.88373pt x 38.4437pt.

Overfull \hbox (4.49226pt too wide) in paragraph at lines 558--559
 [][] 
 []

<figs/data_analysis/oa_1702_top_topics.png, id=101, 722.7pt x 361.35pt>
File: figs/data_analysis/oa_1702_top_topics.png Graphic file (type png)
<use figs/data_analysis/oa_1702_top_topics.png>
Package pdftex.def Info: figs/data_analysis/oa_1702_top_topics.png  used on input line 560.
(pdftex.def)             Requested size: 76.88373pt x 38.4437pt.

Overfull \hbox (4.49226pt too wide) in paragraph at lines 560--561
 [][] 
 []

<figs/data_analysis/DTW_oa1702.png, id=102, 481.8pt x 540.0175pt>
File: figs/data_analysis/DTW_oa1702.png Graphic file (type png)
<use figs/data_analysis/DTW_oa1702.png>
Package pdftex.def Info: figs/data_analysis/DTW_oa1702.png  used on input line 565.
(pdftex.def)             Requested size: 107.78278pt x 120.81108pt.

Overfull \hbox (18.55478pt too wide) in paragraph at lines 565--566
 [][] 
 []



[17 <./figs/Forecast trend visualization for oa1.png> <./figs/Forecast trend visualization for oa1702.png>]

[18 <./figs/data_analysis/oa_1_heatmap_all.png> <./figs/data_analysis/oa_1_heatmap_year_minmax.png> <./figs/data_analysis/oa_1_top_topics.png> <./figs/data_analysis/DTW_oa1.png> <./figs/data_analysis/oa_1702_heatmap_all.png> <./figs/data_analysis/oa_1702_heatmap_year_minmax.png> <./figs/data_analysis/oa_1702_top_topics.png> <./figs/data_analysis/DTW_oa1702.png>] (./samplepaper-agfc.aux)
 ***********
LaTeX2e <2024-11-01> patch level 2
L3 programming layer <2025-01-18>
 ***********
 ) 
Here is how much of TeX's memory you used:
 4358 strings out of 473190
 66081 string characters out of 5715800
 534143 words of memory out of 5000000
 27542 multiletter control sequences out of 15000+600000
 576762 words of font info for 78 fonts, out of 8000000 for 9000
 1141 hyphenation exceptions out of 8191
 57i,17n,70p,1623b,420s stack positions out of 10000i,1000n,20000p,200000b,200000s
</usr/local/texlive/2025/texmf-dist/fonts/type1/public/amsfonts/cm/cmbx10.pfb></usr/local/texlive/2025/texmf-dist/fonts/type1/public/amsfonts/cm/cmex10.pfb></usr/local/texlive/2025/texmf-dist/fonts/type1/public/amsfonts/cm/cmmi10.pfb></usr/local/texlive/2025/texmf-dist/fonts/type1/public/amsfonts/cm/cmmi5.pfb></usr/local/texlive/2025/texmf-dist/fonts/type1/public/amsfonts/cm/cmmi6.pfb></usr/local/texlive/2025/texmf-dist/fonts/type1/public/amsfonts/cm/cmmi7.pfb></usr/local/texlive/2025/texmf-dist/fonts/type1/public/amsfonts/cm/cmr10.pfb></usr/local/texlive/2025/texmf-dist/fonts/type1/public/amsfonts/cm/cmr6.pfb></usr/local/texlive/2025/texmf-dist/fonts/type1/public/amsfonts/cm/cmr7.pfb></usr/local/texlive/2025/texmf-dist/fonts/type1/public/amsfonts/cm/cmsy10.pfb></usr/local/texlive/2025/texmf-dist/fonts/type1/public/amsfonts/cm/cmsy7.pfb></usr/local/texlive/2025/texmf-dist/fonts/type1/public/amsfonts/cm/cmsy9.pfb></usr/local/texlive/2025/texmf-dist/fonts/type1/public/amsfonts/symbols/msbm10.pfb></usr/local/texlive/2025/texmf-dist/fonts/type1/public/cm-super/sfbx0500.pfb></usr/local/texlive/2025/texmf-dist/fonts/type1/public/cm-super/sfbx0900.pfb></usr/local/texlive/2025/texmf-dist/fonts/type1/public/cm-super/sfbx1000.pfb></usr/local/texlive/2025/texmf-dist/fonts/type1/public/cm-super/sfbx1200.pfb></usr/local/texlive/2025/texmf-dist/fonts/type1/public/cm-super/sfbx1440.pfb></usr/local/texlive/2025/texmf-dist/fonts/type1/public/cm-super/sfrm0500.pfb></usr/local/texlive/2025/texmf-dist/fonts/type1/public/cm-super/sfrm0700.pfb></usr/local/texlive/2025/texmf-dist/fonts/type1/public/cm-super/sfrm0900.pfb></usr/local/texlive/2025/texmf-dist/fonts/type1/public/cm-super/sfrm1000.pfb></usr/local/texlive/2025/texmf-dist/fonts/type1/public/cm-super/sfti0900.pfb></usr/local/texlive/2025/texmf-dist/fonts/type1/public/cm-super/sfti1000.pfb></usr/local/texlive/2025/texmf-dist/fonts/type1/public/cm-super/sftt0900.pfb></usr/local/texlive/2025/texmf-dist/fonts/type1/public/cm-super/sftt1000.pfb>
Output written on samplepaper-agfc.pdf (18 pages, 4306121 bytes).
PDF statistics:
 229 PDF objects out of 1000 (max. 8388607)
 126 compressed objects within 2 object streams
 0 named destinations out of 1000 (max. 500000)
 88 words of extra memory for PDF output out of 10000 (max. 10000000)

